[debug] [2020-09-16T22:02:20.968Z] ----------------------------------------------------------------------
[debug] [2020-09-16T22:02:20.972Z] Command:       C:\Program Files\nodejs\node.exe C:\Users\victorp\AppData\Roaming\npm\node_modules\firebase-tools\lib\bin\firebase.js serve
[debug] [2020-09-16T22:02:20.972Z] CLI Version:   8.10.0
[debug] [2020-09-16T22:02:20.972Z] Platform:      win32
[debug] [2020-09-16T22:02:20.973Z] Node Version:  v12.16.1
[debug] [2020-09-16T22:02:20.975Z] Time:          Wed Sep 16 2020 17:02:20 GMT-0500 (GMT-05:00)
[debug] [2020-09-16T22:02:20.975Z] ----------------------------------------------------------------------
[debug] [2020-09-16T22:02:20.975Z] 
[debug] [2020-09-16T22:02:21.008Z] > command requires scopes: ["email","openid","https://www.googleapis.com/auth/cloudplatformprojects.readonly","https://www.googleapis.com/auth/firebase","https://www.googleapis.com/auth/cloud-platform"]
[debug] [2020-09-16T22:02:21.009Z] > authorizing via signed-in user
[debug] [2020-09-16T22:02:21.009Z] [iam] checking project jeilopez for permissions ["firebase.projects.get"]
[debug] [2020-09-16T22:02:21.013Z] > refreshing access token with scopes: ["email","https://www.googleapis.com/auth/cloud-platform","https://www.googleapis.com/auth/cloudplatformprojects.readonly","https://www.googleapis.com/auth/firebase","openid"]
[debug] [2020-09-16T22:02:21.014Z] >>> HTTP REQUEST POST https://www.googleapis.com/oauth2/v3/token  
 <request body omitted>
[debug] [2020-09-16T22:02:21.485Z] <<< HTTP RESPONSE 200 {"content-type":"application/json; charset=utf-8","vary":"X-Origin, Referer, Origin,Accept-Encoding","date":"Wed, 16 Sep 2020 22:02:21 GMT","server":"scaffolding on HTTPServer2","cache-control":"private","x-xss-protection":"0","x-frame-options":"SAMEORIGIN","x-content-type-options":"nosniff","alt-svc":"h3-29=\":443\"; ma=2592000,h3-27=\":443\"; ma=2592000,h3-T051=\":443\"; ma=2592000,h3-T050=\":443\"; ma=2592000,h3-Q050=\":443\"; ma=2592000,h3-Q046=\":443\"; ma=2592000,h3-Q043=\":443\"; ma=2592000,quic=\":443\"; ma=2592000; v=\"46,43\"","accept-ranges":"none","transfer-encoding":"chunked"}
[debug] [2020-09-16T22:02:21.525Z] >>> HTTP REQUEST POST https://cloudresourcemanager.googleapis.com/v1/projects/jeilopez:testIamPermissions  
 {"permissions":["firebase.projects.get"]}
[debug] [2020-09-16T22:02:22.302Z] <<< HTTP RESPONSE 200 {"content-type":"application/json; charset=UTF-8","vary":"X-Origin, Referer, Origin,Accept-Encoding","date":"Wed, 16 Sep 2020 22:02:22 GMT","server":"ESF","cache-control":"private","x-xss-protection":"0","x-frame-options":"SAMEORIGIN","x-content-type-options":"nosniff","server-timing":"gfet4t7; dur=325","alt-svc":"h3-29=\":443\"; ma=2592000,h3-27=\":443\"; ma=2592000,h3-T051=\":443\"; ma=2592000,h3-T050=\":443\"; ma=2592000,h3-Q050=\":443\"; ma=2592000,h3-Q046=\":443\"; ma=2592000,h3-Q043=\":443\"; ma=2592000,quic=\":443\"; ma=2592000; v=\"46,43\"","accept-ranges":"none","transfer-encoding":"chunked"}
[debug] [2020-09-16T22:02:22.303Z] >>> HTTP REQUEST GET https://firebase.googleapis.com/v1beta1/projects/jeilopez  
 
[debug] [2020-09-16T22:02:22.897Z] <<< HTTP RESPONSE 200 {"content-type":"application/json; charset=UTF-8","vary":"X-Origin, Referer, Origin,Accept-Encoding","date":"Wed, 16 Sep 2020 22:02:23 GMT","server":"ESF","cache-control":"private","x-xss-protection":"0","x-frame-options":"SAMEORIGIN","x-content-type-options":"nosniff","alt-svc":"h3-29=\":443\"; ma=2592000,h3-27=\":443\"; ma=2592000,h3-T051=\":443\"; ma=2592000,h3-T050=\":443\"; ma=2592000,h3-Q050=\":443\"; ma=2592000,h3-Q046=\":443\"; ma=2592000,h3-Q043=\":443\"; ma=2592000,quic=\":443\"; ma=2592000; v=\"46,43\"","accept-ranges":"none","transfer-encoding":"chunked"}
[info] 
[info] === Serving from 'C:\Users\victorp\Desktop\Nueva carpeta\Ofimuebles-Node'...
[info] 
[debug] [2020-09-16T22:02:22.904Z] >>> HTTP REQUEST GET https://firebase.googleapis.com/v1beta1/projects/jeilopez/webApps/-/config  
 
[debug] [2020-09-16T22:02:23.591Z] <<< HTTP RESPONSE 200 {"content-type":"application/json; charset=UTF-8","vary":"X-Origin, Referer, Origin,Accept-Encoding","date":"Wed, 16 Sep 2020 22:02:23 GMT","server":"ESF","cache-control":"private","x-xss-protection":"0","x-frame-options":"SAMEORIGIN","x-content-type-options":"nosniff","alt-svc":"h3-29=\":443\"; ma=2592000,h3-27=\":443\"; ma=2592000,h3-T051=\":443\"; ma=2592000,h3-T050=\":443\"; ma=2592000,h3-Q050=\":443\"; ma=2592000,h3-Q046=\":443\"; ma=2592000,h3-Q043=\":443\"; ma=2592000,quic=\":443\"; ma=2592000; v=\"46,43\"","accept-ranges":"none","transfer-encoding":"chunked"}
[info] i  hosting: Serving hosting files from: public {"metadata":{"emulator":{"name":"hosting"},"message":"Serving hosting files from: \u001b[1mpublic\u001b[22m"}}
[info] +  hosting: Local server: http://localhost:5000 {"metadata":{"emulator":{"name":"hosting"},"message":"Local server: \u001b[4m\u001b[1mhttp://localhost:5000\u001b[22m\u001b[24m"}}
[warn] !  Your requested "node" version "10" doesn't match your global version "12" {"metadata":{"emulator":{"name":"functions"},"message":"Your requested \"node\" version \"10\" doesn't match your global version \"12\""}}
[debug] [2020-09-16T22:02:24.916Z] defaultcredentials: writing to file C:\Users\victorp\AppData\Roaming\firebase\victorpradan_gmail_com_application_default_credentials.json
[debug] [2020-09-16T22:02:24.917Z] Setting GAC to C:\Users\victorp\AppData\Roaming\firebase\victorpradan_gmail_com_application_default_credentials.json {"metadata":{"emulator":{"name":"functions"},"message":"Setting GAC to C:\\Users\\victorp\\AppData\\Roaming\\firebase\\victorpradan_gmail_com_application_default_credentials.json"}}
[info] i  functions: Watching "C:\Users\victorp\Desktop\Nueva carpeta\Ofimuebles-Node\functions" for Cloud Functions... {"metadata":{"emulator":{"name":"functions"},"message":"Watching \"C:\\Users\\victorp\\Desktop\\Nueva carpeta\\Ofimuebles-Node\\functions\" for Cloud Functions..."}}
[debug] [2020-09-16T22:02:24.933Z] [worker-pool] addWorker(~diagnostic~) {"metadata":{"emulator":{"name":"functions"},"message":"[worker-pool] addWorker(~diagnostic~)"}}
[debug] [2020-09-16T22:02:24.934Z] [worker-pool] Adding worker with key ~diagnostic~, total=1 {"metadata":{"emulator":{"name":"functions"},"message":"[worker-pool] Adding worker with key ~diagnostic~, total=1"}}
[debug] [2020-09-16T22:02:24.934Z] [worker-pool] submitWork(triggerId=) {"metadata":{"emulator":{"name":"functions"},"message":"[worker-pool] submitWork(triggerId=)"}}
[debug] [2020-09-16T22:02:24.934Z] [worker-~diagnostic~-728a078d-7c83-4ea8-87cd-03983173be86]: Assigning socketPath: \\?\pipe\C:\Users\victorp\Desktop\Nueva carpeta\Ofimuebles-Node\functions\13964 {"metadata":{"emulator":{"name":"functions"},"message":"[worker-~diagnostic~-728a078d-7c83-4ea8-87cd-03983173be86]: Assigning socketPath: \\\\?\\pipe\\C:\\Users\\victorp\\Desktop\\Nueva carpeta\\Ofimuebles-Node\\functions\\13964"}}
[debug] [2020-09-16T22:02:24.935Z] [worker-~diagnostic~-728a078d-7c83-4ea8-87cd-03983173be86]: BUSY {"metadata":{"emulator":{"name":"functions"},"message":"[worker-~diagnostic~-728a078d-7c83-4ea8-87cd-03983173be86]: BUSY"}}
